<?xml version="1.0" encoding="UTF-8"?>
<!-- Generated by org.testng.reporters.JUnitReportReporter -->
<testsuite hostname="DESKTOP-J1BNB1Q" failures="0" tests="1" name="com.JDBC.UpdateQueryTest" time="0.455" errors="0" timestamp="2022-03-24T11:22:01 IST" skipped="0">
  <testcase classname="com.JDBC.UpdateQueryTest" name="executeQueryTest" time="0.455"/>
  <system-out/>
</testsuite> <!-- com.JDBC.UpdateQueryTest -->
