<?xml version="1.0" encoding="UTF-8"?>
<!-- Generated by org.testng.reporters.JUnitReportReporter -->
<testsuite hostname="DESKTOP-J1BNB1Q" failures="0" tests="1" name="com.JDBC.ExecuteQueryTest" time="0.508" errors="0" timestamp="2022-03-23T13:19:41 IST" skipped="0">
  <testcase classname="com.JDBC.ExecuteQueryTest" name="executeQueryTest" time="0.508"/>
  <system-out/>
</testsuite> <!-- com.JDBC.ExecuteQueryTest -->
