<?xml version="1.0" encoding="UTF-8"?>
<!-- Generated by org.testng.reporters.JUnitReportReporter -->
<testsuite hostname="DESKTOP-J1BNB1Q" failures="0" tests="1" name="com.DDT.ReadingDataFromXmlTest" time="0.025" errors="0" timestamp="2022-03-22T11:39:49 IST" skipped="0">
  <testcase classname="com.DDT.ReadingDataFromXmlTest" name="readingdataFromxmlfile" time="0.025"/>
  <system-out/>
</testsuite> <!-- com.DDT.ReadingDataFromXmlTest -->
