<?xml version="1.0" encoding="UTF-8"?>
<!-- Generated by org.testng.reporters.JUnitReportReporter -->
<testsuite hostname="DESKTOP-J1BNB1Q" failures="0" tests="1" name="ReadDataFromJsonTest" time="0.023" errors="0" timestamp="2022-03-22T12:19:46 IST" skipped="0">
  <testcase classname="ReadDataFromJsonTest" name="readDataFromjson" time="0.023"/>
  <system-out/>
</testsuite> <!-- ReadDataFromJsonTest -->
