<?xml version="1.0" encoding="UTF-8"?>
<!-- Generated by org.testng.reporters.JUnitReportReporter -->
<testsuite hostname="DESKTOP-J1BNB1Q" failures="0" tests="1" name="com.DDT.ReadInputFromExternalFileTest" time="0.014" errors="0" timestamp="2022-03-25T22:05:56 IST" skipped="0">
  <testcase classname="com.DDT.ReadInputFromExternalFileTest" name="readInputFromExternalFileTest" time="0.014"/>
  <system-out/>
</testsuite> <!-- com.DDT.ReadInputFromExternalFileTest -->
