<?xml version="1.0" encoding="UTF-8"?>
<!-- Generated by org.testng.reporters.JUnitReportReporter -->
<testsuite hostname="DESKTOP-J1BNB1Q" failures="0" tests="1" name="com.AutomationPracties.Bluestone" time="33.342" errors="0" timestamp="2022-04-05T09:45:53 IST" skipped="0">
  <testcase classname="com.AutomationPracties.Bluestone" name="bluestone" time="33.342"/>
  <system-out/>
</testsuite> <!-- com.AutomationPracties.Bluestone -->
