<?xml version="1.0" encoding="UTF-8"?>
<!-- Generated by org.testng.reporters.JUnitReportReporter -->
<testsuite hostname="DESKTOP-J1BNB1Q" failures="0" tests="1" name="com.Vtiger.CreateOrganisationNameTest" time="23.346" errors="0" timestamp="2022-03-24T21:46:13 IST" skipped="0">
  <testcase classname="com.Vtiger.CreateOrganisationNameTest" name="createOrganisationName" time="23.346"/>
  <system-out/>
</testsuite> <!-- com.Vtiger.CreateOrganisationNameTest -->
