<?xml version="1.0" encoding="UTF-8"?>
<!-- Generated by org.testng.reporters.JUnitReportReporter -->
<testsuite hostname="DESKTOP-J1BNB1Q" failures="0" tests="1" name="com.Vtiger.CreatOrganisationName" time="5.891" errors="0" timestamp="2022-03-24T13:36:53 IST" skipped="0">
  <testcase classname="com.Vtiger.CreatOrganisationName" name="creatOrganisationName" time="5.891"/>
  <system-out/>
</testsuite> <!-- com.Vtiger.CreatOrganisationName -->
