<?xml version="1.0" encoding="UTF-8"?>
<!-- Generated by org.testng.reporters.JUnitReportReporter -->
<testsuite hostname="DESKTOP-J1BNB1Q" failures="0" tests="1" name="com.DDT.ReadinputFromexcelfileTest" time="0.928" errors="0" timestamp="22 Mar 2022 05:31:26 GMT" skipped="0">
  <testcase classname="com.DDT.ReadinputFromexcelfileTest" name="readinputfromexcelfile" time="0.928"/>
</testsuite> <!-- com.DDT.ReadinputFromexcelfileTest -->
