<?xml version="1.0" encoding="UTF-8"?>
<!-- Generated by org.testng.reporters.JUnitReportReporter -->
<testsuite hostname="DESKTOP-J1BNB1Q" failures="0" tests="1" name="com.AutomationPracties.Bluestone1" time="27.707" errors="0" timestamp="2022-04-05T11:04:00 IST" skipped="0">
  <testcase classname="com.AutomationPracties.Bluestone1" name="bluestone" time="27.707"/>
  <system-out/>
</testsuite> <!-- com.AutomationPracties.Bluestone1 -->
