<?xml version="1.0" encoding="UTF-8"?>
<!-- Generated by org.testng.reporters.JUnitReportReporter -->
<testsuite hostname="DESKTOP-J1BNB1Q" failures="0" tests="1" name="com.DDT.ReadDataFromexcel1Test" time="0.910" errors="0" timestamp="22 Mar 2022 05:30:16 GMT" skipped="0">
  <testcase classname="com.DDT.ReadDataFromexcel1Test" name="readDataFromExcel" time="0.910"/>
</testsuite> <!-- com.DDT.ReadDataFromexcel1Test -->
